c:\users\user\source\repos\jungleentranceexam\jungleentranceexam\x64\debug\vc143.pdb
c:\users\user\source\repos\jungleentranceexam\jungleentranceexam\x64\debug\vc143.idb
c:\users\user\source\repos\jungleentranceexam\jungleentranceexam\x64\debug\main.obj
c:\users\user\source\repos\jungleentranceexam\jungleentranceexam\x64\debug\imgui_widgets.obj
c:\users\user\source\repos\jungleentranceexam\jungleentranceexam\x64\debug\imgui_tables.obj
c:\users\user\source\repos\jungleentranceexam\jungleentranceexam\x64\debug\imgui_impl_win32.obj
c:\users\user\source\repos\jungleentranceexam\jungleentranceexam\x64\debug\imgui_impl_dx11.obj
c:\users\user\source\repos\jungleentranceexam\jungleentranceexam\x64\debug\imgui_draw.obj
c:\users\user\source\repos\jungleentranceexam\jungleentranceexam\x64\debug\imgui_demo.obj
c:\users\user\source\repos\jungleentranceexam\jungleentranceexam\x64\debug\imgui.obj
c:\users\user\source\repos\jungleentranceexam\x64\debug\jungleentranceexam.exe
c:\users\user\source\repos\jungleentranceexam\x64\debug\jungleentranceexam.pdb
c:\users\user\source\repos\jungleentranceexam\jungleentranceexam\x64\debug\jungleentranceexam.ilk
c:\users\jungle\source\repos\junglebrickbreak\jungleentranceexam\x64\debug\imgui.obj
c:\users\jungle\source\repos\junglebrickbreak\jungleentranceexam\x64\debug\imgui_demo.obj
c:\users\jungle\source\repos\junglebrickbreak\jungleentranceexam\x64\debug\imgui_draw.obj
c:\users\jungle\source\repos\junglebrickbreak\jungleentranceexam\x64\debug\imgui_impl_dx11.obj
c:\users\jungle\source\repos\junglebrickbreak\jungleentranceexam\x64\debug\imgui_impl_win32.obj
c:\users\jungle\source\repos\junglebrickbreak\jungleentranceexam\x64\debug\imgui_tables.obj
c:\users\jungle\source\repos\junglebrickbreak\jungleentranceexam\x64\debug\imgui_widgets.obj
c:\users\jungle\source\repos\junglebrickbreak\jungleentranceexam\x64\debug\main.obj
c:\users\jungle\source\repos\junglebrickbreak\jungleentranceexam\x64\debug\jungleentranceexam.ilk
c:\users\jungle\source\repos\junglebrickbreak\jungleentranceexam\x64\debug\vc143.idb
c:\users\jungle\source\repos\junglebrickbreak\jungleentranceexam\x64\debug\vc143.pdb
c:\users\jungle\source\repos\junglebrickbreak\x64\debug\jungleentranceexam.pdb
c:\users\jungle\source\repos\junglebrickbreak\x64\debug\jungleentranceexam.exe
c:\users\jungle\source\repos\junglebrickbreak\jungleentranceexam\x64\debug\jungleen.4af97cdd.tlog\cl.command.1.tlog
c:\users\jungle\source\repos\junglebrickbreak\jungleentranceexam\x64\debug\jungleen.4af97cdd.tlog\cl.items.tlog
c:\users\jungle\source\repos\junglebrickbreak\jungleentranceexam\x64\debug\jungleen.4af97cdd.tlog\cl.read.1.tlog
c:\users\jungle\source\repos\junglebrickbreak\jungleentranceexam\x64\debug\jungleen.4af97cdd.tlog\cl.write.1.tlog
c:\users\jungle\source\repos\junglebrickbreak\jungleentranceexam\x64\debug\jungleen.4af97cdd.tlog\link.command.1.tlog
c:\users\jungle\source\repos\junglebrickbreak\jungleentranceexam\x64\debug\jungleen.4af97cdd.tlog\link.read.1.tlog
c:\users\jungle\source\repos\junglebrickbreak\jungleentranceexam\x64\debug\jungleen.4af97cdd.tlog\link.secondary.1.tlog
c:\users\jungle\source\repos\junglebrickbreak\jungleentranceexam\x64\debug\jungleen.4af97cdd.tlog\link.write.1.tlog
